# JRE version: Java(TM) SE Runtime Environment (8.0_92-b14) (build 1.8.0_92-b14)
# Java VM: Java HotSpot(TM) 64-Bit Server VM (25.92-b14 mixed mode windows-amd64 compressed oops)
Heap:
 PSYoungGen      total 38400K, used 1996K [0x00000000d5d80000, 0x00000000da880000, 0x0000000100000000)
  eden space 33280K, 6% used [0x00000000d5d80000,0x00000000d5f733d8,0x00000000d7e00000)
  from space 5120K, 0% used [0x00000000d7e00000,0x00000000d7e00000,0x00000000d8300000)
  to   space 5120K, 0% used [0x00000000da380000,0x00000000da380000,0x00000000da880000)
 ParOldGen       total 1381888K, used 4952K [0x0000000081800000, 0x00000000d5d80000, 0x00000000d5d80000)
  object space 1381888K, 0% used [0x0000000081800000,0x0000000081cd6088,0x00000000d5d80000)
 Metaspace       used 7796K, capacity 7932K, committed 8064K, reserved 1056768K
  class space    used 938K, capacity 1025K, committed 1152K, reserved 1048576K
GC Heap History (10 events):
Event: 4.394 GC heap before
{Heap before GC invocations=1 (full 0):
 PSYoungGen      total 38400K, used 9596K [0x00000000d5d80000, 0x00000000d8800000, 0x0000000100000000)
  eden space 33280K, 28% used [0x00000000d5d80000,0x00000000d66df278,0x00000000d7e00000)
  from space 5120K, 0% used [0x00000000d8300000,0x00000000d8300000,0x00000000d8800000)
  to   space 5120K, 0% used [0x00000000d7e00000,0x00000000d7e00000,0x00000000d8300000)
 ParOldGen       total 1381888K, used 0K [0x0000000081800000, 0x00000000d5d80000, 0x00000000d5d80000)
  object space 1381888K, 0% used [0x0000000081800000,0x0000000081800000,0x00000000d5d80000)
 Metaspace       used 7802K, capacity 7942K, committed 8064K, reserved 1056768K
  class space    used 941K, capacity 1030K, committed 1152K, reserved 1048576K
Event: 4.402 GC heap after
Heap after GC invocations=1 (full 0):
 PSYoungGen      total 38400K, used 5117K [0x00000000d5d80000, 0x00000000d8800000, 0x0000000100000000)
  eden space 33280K, 0% used [0x00000000d5d80000,0x00000000d5d80000,0x00000000d7e00000)
  from space 5120K, 99% used [0x00000000d7e00000,0x00000000d82ff630,0x00000000d8300000)
  to   space 5120K, 0% used [0x00000000d8300000,0x00000000d8300000,0x00000000d8800000)
 ParOldGen       total 1381888K, used 7256K [0x0000000081800000, 0x00000000d5d80000, 0x00000000d5d80000)
  object space 1381888K, 0% used [0x0000000081800000,0x0000000081f16020,0x00000000d5d80000)
 Metaspace       used 7802K, capacity 7942K, committed 8064K, reserved 1056768K
  class space    used 941K, capacity 1030K, committed 1152K, reserved 1048576K
}
Event: 4.402 GC heap before
{Heap before GC invocations=2 (full 0):
 PSYoungGen      total 38400K, used 5117K [0x00000000d5d80000, 0x00000000d8800000, 0x0000000100000000)
  eden space 33280K, 0% used [0x00000000d5d80000,0x00000000d5d80000,0x00000000d7e00000)
  from space 5120K, 99% used [0x00000000d7e00000,0x00000000d82ff630,0x00000000d8300000)
  to   space 5120K, 0% used [0x00000000d8300000,0x00000000d8300000,0x00000000d8800000)
 ParOldGen       total 1381888K, used 7256K [0x0000000081800000, 0x00000000d5d80000, 0x00000000d5d80000)
  object space 1381888K, 0% used [0x0000000081800000,0x0000000081f16020,0x00000000d5d80000)
 Metaspace       used 7802K, capacity 7942K, committed 8064K, reserved 1056768K
  class space    used 941K, capacity 1030K, committed 1152K, reserved 1048576K
Event: 4.411 GC heap after
Heap after GC invocations=2 (full 0):
 PSYoungGen      total 38400K, used 5101K [0x00000000d5d80000, 0x00000000da880000, 0x0000000100000000)
  eden space 33280K, 0% used [0x00000000d5d80000,0x00000000d5d80000,0x00000000d7e00000)
  from space 5120K, 99% used [0x00000000d8300000,0x00000000d87fb620,0x00000000d8800000)
  to   space 5120K, 0% used [0x00000000d7e00000,0x00000000d7e00000,0x00000000d8300000)
 ParOldGen       total 1381888K, used 14488K [0x0000000081800000, 0x00000000d5d80000, 0x00000000d5d80000)
  object space 1381888K, 1% used [0x0000000081800000,0x0000000082626040,0x00000000d5d80000)
 Metaspace       used 7802K, capacity 7942K, committed 8064K, reserved 1056768K
  class space    used 941K, capacity 1030K, committed 1152K, reserved 1048576K
}
Event: 4.411 GC heap before
{Heap before GC invocations=3 (full 1):
 PSYoungGen      total 38400K, used 5101K [0x00000000d5d80000, 0x00000000da880000, 0x0000000100000000)
  eden space 33280K, 0% used [0x00000000d5d80000,0x00000000d5d80000,0x00000000d7e00000)
  from space 5120K, 99% used [0x00000000d8300000,0x00000000d87fb620,0x00000000d8800000)
  to   space 5120K, 0% used [0x00000000d7e00000,0x00000000d7e00000,0x00000000d8300000)
 ParOldGen       total 1381888K, used 14488K [0x0000000081800000, 0x00000000d5d80000, 0x00000000d5d80000)
  object space 1381888K, 1% used [0x0000000081800000,0x0000000082626040,0x00000000d5d80000)
 Metaspace       used 7802K, capacity 7942K, committed 8064K, reserved 1056768K
  class space    used 941K, capacity 1030K, committed 1152K, reserved 1048576K
Event: 4.425 GC heap after
Heap after GC invocations=3 (full 1):
 PSYoungGen      total 38400K, used 0K [0x00000000d5d80000, 0x00000000da880000, 0x0000000100000000)
  eden space 33280K, 0% used [0x00000000d5d80000,0x00000000d5d80000,0x00000000d7e00000)
  from space 5120K, 0% used [0x00000000d8300000,0x00000000d8300000,0x00000000d8800000)
  to   space 5120K, 0% used [0x00000000d7e00000,0x00000000d7e00000,0x00000000d8300000)
 ParOldGen       total 46592K, used 5071K [0x0000000081800000, 0x0000000084580000, 0x00000000d5d80000)
  object space 46592K, 10% used [0x0000000081800000,0x0000000081cf3f18,0x0000000084580000)
 Metaspace       used 7802K, capacity 7942K, committed 8064K, reserved 1056768K
  class space    used 941K, capacity 1030K, committed 1152K, reserved 1048576K
}
Event: 4.427 GC heap before
{Heap before GC invocations=4 (full 1):
 PSYoungGen      total 38400K, used 0K [0x00000000d5d80000, 0x00000000da880000, 0x0000000100000000)
  eden space 33280K, 0% used [0x00000000d5d80000,0x00000000d5d80000,0x00000000d7e00000)
  from space 5120K, 0% used [0x00000000d8300000,0x00000000d8300000,0x00000000d8800000)
  to   space 5120K, 0% used [0x00000000d7e00000,0x00000000d7e00000,0x00000000d8300000)
 ParOldGen       total 1381888K, used 5071K [0x0000000081800000, 0x00000000d5d80000, 0x00000000d5d80000)
  object space 1381888K, 0% used [0x0000000081800000,0x0000000081cf3f18,0x00000000d5d80000)
 Metaspace       used 7802K, capacity 7942K, committed 8064K, reserved 1056768K
  class space    used 941K, capacity 1030K, committed 1152K, reserved 1048576K
Event: 4.427 GC heap after
Heap after GC invocations=4 (full 1):
 PSYoungGen      total 38400K, used 0K [0x00000000d5d80000, 0x00000000da880000, 0x0000000100000000)
  eden space 33280K, 0% used [0x00000000d5d80000,0x00000000d5d80000,0x00000000d7e00000)
  from space 5120K, 0% used [0x00000000d7e00000,0x00000000d7e00000,0x00000000d8300000)
  to   space 5120K, 0% used [0x00000000da380000,0x00000000da380000,0x00000000da880000)
 ParOldGen       total 1381888K, used 5071K [0x0000000081800000, 0x00000000d5d80000, 0x00000000d5d80000)
  object space 1381888K, 0% used [0x0000000081800000,0x0000000081cf3f18,0x00000000d5d80000)
 Metaspace       used 7802K, capacity 7942K, committed 8064K, reserved 1056768K
  class space    used 941K, capacity 1030K, committed 1152K, reserved 1048576K
}
Event: 4.427 GC heap before
{Heap before GC invocations=5 (full 2):
 PSYoungGen      total 38400K, used 0K [0x00000000d5d80000, 0x00000000da880000, 0x0000000100000000)
  eden space 33280K, 0% used [0x00000000d5d80000,0x00000000d5d80000,0x00000000d7e00000)
  from space 5120K, 0% used [0x00000000d7e00000,0x00000000d7e00000,0x00000000d8300000)
  to   space 5120K, 0% used [0x00000000da380000,0x00000000da380000,0x00000000da880000)
 ParOldGen       total 1381888K, used 5071K [0x0000000081800000, 0x00000000d5d80000, 0x00000000d5d80000)
  object space 1381888K, 0% used [0x0000000081800000,0x0000000081cf3f18,0x00000000d5d80000)
 Metaspace       used 7802K, capacity 7942K, committed 8064K, reserved 1056768K
  class space    used 941K, capacity 1030K, committed 1152K, reserved 1048576K
Event: 4.450 GC heap after
Heap after GC invocations=5 (full 2):
 PSYoungGen      total 38400K, used 0K [0x00000000d5d80000, 0x00000000da880000, 0x0000000100000000)
  eden space 33280K, 0% used [0x00000000d5d80000,0x00000000d5d80000,0x00000000d7e00000)
  from space 5120K, 0% used [0x00000000d7e00000,0x00000000d7e00000,0x00000000d8300000)
  to   space 5120K, 0% used [0x00000000da380000,0x00000000da380000,0x00000000da880000)
 ParOldGen       total 62976K, used 4952K [0x0000000081800000, 0x0000000085580000, 0x00000000d5d80000)
  object space 62976K, 7% used [0x0000000081800000,0x0000000081cd6088,0x0000000085580000)
 Metaspace       used 7795K, capacity 7932K, committed 8064K, reserved 1056768K
  class space    used 938K, capacity 1025K, committed 1152K, reserved 1048576K
}

