# JRE version: Java(TM) SE Runtime Environment (8.0_144-b01) (build 1.8.0_144-b01)
# Java VM: Java HotSpot(TM) 64-Bit Server VM (25.144-b01 mixed mode windows-amd64 compressed oops)
Heap:
 PSYoungGen      total 286208K, used 87225K [0x00000000d5d80000, 0x00000000e9080000, 0x0000000100000000)
  eden space 264192K, 33% used [0x00000000d5d80000,0x00000000db2ae408,0x00000000e5f80000)
  from space 22016K, 0% used [0x00000000e7700000,0x00000000e7700000,0x00000000e8c80000)
  to   space 24064K, 0% used [0x00000000e5f80000,0x00000000e5f80000,0x00000000e7700000)
 ParOldGen       total 78336K, used 22731K [0x0000000081800000, 0x0000000086480000, 0x00000000d5d80000)
  object space 78336K, 29% used [0x0000000081800000,0x0000000082e32c08,0x0000000086480000)
 Metaspace       used 20255K, capacity 21490K, committed 21552K, reserved 1067008K
  class space    used 2968K, capacity 3186K, committed 3200K, reserved 1048576K
GC Heap History (10 events):
Event: 17.717 GC heap before
{Heap before GC invocations=5 (full 0):
 PSYoungGen      total 71680K, used 66338K [0x00000000d5d80000, 0x00000000da880000, 0x0000000100000000)
  eden space 66560K, 93% used [0x00000000d5d80000,0x00000000d9a44458,0x00000000d9e80000)
  from space 5120K, 80% used [0x00000000da380000,0x00000000da784650,0x00000000da880000)
  to   space 5120K, 0% used [0x00000000d9e80000,0x00000000d9e80000,0x00000000da380000)
 ParOldGen       total 87552K, used 25898K [0x0000000081800000, 0x0000000086d80000, 0x00000000d5d80000)
  object space 87552K, 29% used [0x0000000081800000,0x000000008314abb0,0x0000000086d80000)
 Metaspace       used 19072K, capacity 20360K, committed 20608K, reserved 1067008K
  class space    used 2844K, capacity 3075K, committed 3200K, reserved 1048576K
Event: 17.781 GC heap after
Heap after GC invocations=5 (full 0):
 PSYoungGen      total 71680K, used 4193K [0x00000000d5d80000, 0x00000000e0b80000, 0x0000000100000000)
  eden space 66560K, 0% used [0x00000000d5d80000,0x00000000d5d80000,0x00000000d9e80000)
  from space 5120K, 81% used [0x00000000d9e80000,0x00000000da298660,0x00000000da380000)
  to   space 22528K, 0% used [0x00000000df580000,0x00000000df580000,0x00000000e0b80000)
 ParOldGen       total 87552K, used 25906K [0x0000000081800000, 0x0000000086d80000, 0x00000000d5d80000)
  object space 87552K, 29% used [0x0000000081800000,0x000000008314cbb0,0x0000000086d80000)
 Metaspace       used 19072K, capacity 20360K, committed 20608K, reserved 1067008K
  class space    used 2844K, capacity 3075K, committed 3200K, reserved 1048576K
}
Event: 19.831 GC heap before
{Heap before GC invocations=6 (full 0):
 PSYoungGen      total 71680K, used 70753K [0x00000000d5d80000, 0x00000000e0b80000, 0x0000000100000000)
  eden space 66560K, 100% used [0x00000000d5d80000,0x00000000d9e80000,0x00000000d9e80000)
  from space 5120K, 81% used [0x00000000d9e80000,0x00000000da298660,0x00000000da380000)
  to   space 22528K, 0% used [0x00000000df580000,0x00000000df580000,0x00000000e0b80000)
 ParOldGen       total 87552K, used 25906K [0x0000000081800000, 0x0000000086d80000, 0x00000000d5d80000)
  object space 87552K, 29% used [0x0000000081800000,0x000000008314cbb0,0x0000000086d80000)
 Metaspace       used 19126K, capacity 20428K, committed 20608K, reserved 1067008K
  class space    used 2844K, capacity 3075K, committed 3200K, reserved 1048576K
Event: 19.959 GC heap after
Heap after GC invocations=6 (full 0):
 PSYoungGen      total 154624K, used 11661K [0x00000000d5d80000, 0x00000000e0a80000, 0x0000000100000000)
  eden space 133120K, 0% used [0x00000000d5d80000,0x00000000d5d80000,0x00000000ddf80000)
  from space 21504K, 54% used [0x00000000df580000,0x00000000e00e3650,0x00000000e0a80000)
  to   space 22016K, 0% used [0x00000000ddf80000,0x00000000ddf80000,0x00000000df500000)
 ParOldGen       total 87552K, used 25914K [0x0000000081800000, 0x0000000086d80000, 0x00000000d5d80000)
  object space 87552K, 29% used [0x0000000081800000,0x000000008314ebb0,0x0000000086d80000)
 Metaspace       used 19126K, capacity 20428K, committed 20608K, reserved 1067008K
  class space    used 2844K, capacity 3075K, committed 3200K, reserved 1048576K
}
Event: 24.971 GC heap before
{Heap before GC invocations=7 (full 0):
 PSYoungGen      total 154624K, used 141280K [0x00000000d5d80000, 0x00000000e0a80000, 0x0000000100000000)
  eden space 133120K, 97% used [0x00000000d5d80000,0x00000000ddc14bc8,0x00000000ddf80000)
  from space 21504K, 54% used [0x00000000df580000,0x00000000e00e3650,0x00000000e0a80000)
  to   space 22016K, 0% used [0x00000000ddf80000,0x00000000ddf80000,0x00000000df500000)
 ParOldGen       total 87552K, used 25914K [0x0000000081800000, 0x0000000086d80000, 0x00000000d5d80000)
  object space 87552K, 29% used [0x0000000081800000,0x000000008314ebb0,0x0000000086d80000)
 Metaspace       used 19188K, capacity 20440K, committed 20608K, reserved 1067008K
  class space    used 2845K, capacity 3077K, committed 3200K, reserved 1048576K
Event: 25.170 GC heap after
Heap after GC invocations=7 (full 0):
 PSYoungGen      total 155136K, used 288K [0x00000000d5d80000, 0x00000000e8c80000, 0x0000000100000000)
  eden space 133120K, 0% used [0x00000000d5d80000,0x00000000d5d80000,0x00000000ddf80000)
  from space 22016K, 1% used [0x00000000ddf80000,0x00000000ddfc8000,0x00000000df500000)
  to   space 22016K, 0% used [0x00000000e7700000,0x00000000e7700000,0x00000000e8c80000)
 ParOldGen       total 87552K, used 29924K [0x0000000081800000, 0x0000000086d80000, 0x00000000d5d80000)
  object space 87552K, 34% used [0x0000000081800000,0x0000000083539378,0x0000000086d80000)
 Metaspace       used 19188K, capacity 20440K, committed 20608K, reserved 1067008K
  class space    used 2845K, capacity 3077K, committed 3200K, reserved 1048576K
}
Event: 26.580 GC heap before
{Heap before GC invocations=8 (full 0):
 PSYoungGen      total 155136K, used 61533K [0x00000000d5d80000, 0x00000000e8c80000, 0x0000000100000000)
  eden space 133120K, 46% used [0x00000000d5d80000,0x00000000d994f4b8,0x00000000ddf80000)
  from space 22016K, 1% used [0x00000000ddf80000,0x00000000ddfc8000,0x00000000df500000)
  to   space 22016K, 0% used [0x00000000e7700000,0x00000000e7700000,0x00000000e8c80000)
 ParOldGen       total 87552K, used 29924K [0x0000000081800000, 0x0000000086d80000, 0x00000000d5d80000)
  object space 87552K, 34% used [0x0000000081800000,0x0000000083539378,0x0000000086d80000)
 Metaspace       used 20049K, capacity 21242K, committed 21296K, reserved 1067008K
  class space    used 2941K, capacity 3174K, committed 3200K, reserved 1048576K
Event: 26.752 GC heap after
Heap after GC invocations=8 (full 0):
 PSYoungGen      total 286208K, used 15320K [0x00000000d5d80000, 0x00000000e9080000, 0x0000000100000000)
  eden space 264192K, 0% used [0x00000000d5d80000,0x00000000d5d80000,0x00000000e5f80000)
  from space 22016K, 69% used [0x00000000e7700000,0x00000000e85f6040,0x00000000e8c80000)
  to   space 24064K, 0% used [0x00000000e5f80000,0x00000000e5f80000,0x00000000e7700000)
 ParOldGen       total 87552K, used 29972K [0x0000000081800000, 0x0000000086d80000, 0x00000000d5d80000)
  object space 87552K, 34% used [0x0000000081800000,0x0000000083545378,0x0000000086d80000)
 Metaspace       used 20049K, capacity 21242K, committed 21296K, reserved 1067008K
  class space    used 2941K, capacity 3174K, committed 3200K, reserved 1048576K
}
Event: 26.752 GC heap before
{Heap before GC invocations=9 (full 1):
 PSYoungGen      total 286208K, used 15320K [0x00000000d5d80000, 0x00000000e9080000, 0x0000000100000000)
  eden space 264192K, 0% used [0x00000000d5d80000,0x00000000d5d80000,0x00000000e5f80000)
  from space 22016K, 69% used [0x00000000e7700000,0x00000000e85f6040,0x00000000e8c80000)
  to   space 24064K, 0% used [0x00000000e5f80000,0x00000000e5f80000,0x00000000e7700000)
 ParOldGen       total 87552K, used 29972K [0x0000000081800000, 0x0000000086d80000, 0x00000000d5d80000)
  object space 87552K, 34% used [0x0000000081800000,0x0000000083545378,0x0000000086d80000)
 Metaspace       used 20049K, capacity 21242K, committed 21296K, reserved 1067008K
  class space    used 2941K, capacity 3174K, committed 3200K, reserved 1048576K
Event: 27.163 GC heap after
Heap after GC invocations=9 (full 1):
 PSYoungGen      total 286208K, used 0K [0x00000000d5d80000, 0x00000000e9080000, 0x0000000100000000)
  eden space 264192K, 0% used [0x00000000d5d80000,0x00000000d5d80000,0x00000000e5f80000)
  from space 22016K, 0% used [0x00000000e7700000,0x00000000e7700000,0x00000000e8c80000)
  to   space 24064K, 0% used [0x00000000e5f80000,0x00000000e5f80000,0x00000000e7700000)
 ParOldGen       total 78336K, used 22731K [0x0000000081800000, 0x0000000086480000, 0x00000000d5d80000)
  object space 78336K, 29% used [0x0000000081800000,0x0000000082e32c08,0x0000000086480000)
 Metaspace       used 20049K, capacity 21242K, committed 21296K, reserved 1067008K
  class space    used 2941K, capacity 3174K, committed 3200K, reserved 1048576K
}

